Reading profile /home/kekhuay/.config/firejail/firefox.profile
Reading profile /etc/firejail/disable-common.inc
Reading profile /etc/firejail/disable-devel.inc
Reading profile /etc/firejail/disable-programs.inc
Reading profile /etc/firejail/whitelist-common.inc
Reading profile /etc/firejail/whitelist-var-common.inc
Parent pid 20457, child pid 20458
Warning: cleaning all supplementary groups
Warning: /sbin directory link was not blacklisted
Warning: /usr/sbin directory link was not blacklisted
Warning: cleaning all supplementary groups
Blacklist violations are logged to syslog
Child process initialized in 70.16 ms

Parent is shutting down, bye...
1541246967917	mozrunner::runner	INFO	Running command: "/usr/local/bin/firefox" "-marionette" "-foreground" "-no-remote" "-profile" "/tmp/rust_mozprofile.XXdGZp72kgZB"
Reading profile /home/kekhuay/.config/firejail/firefox.profile
Reading profile /etc/firejail/disable-common.inc
Reading profile /etc/firejail/disable-devel.inc
Reading profile /etc/firejail/disable-programs.inc
Reading profile /etc/firejail/whitelist-common.inc
Reading profile /etc/firejail/whitelist-var-common.inc
Parent pid 20501, child pid 20504
Warning: cleaning all supplementary groups
Warning: /sbin directory link was not blacklisted
Warning: /usr/sbin directory link was not blacklisted
Warning: cleaning all supplementary groups
Blacklist violations are logged to syslog
]0;firejail /usr/bin/firefox -marionette -foreground -no-remote -profile /tmp/rust_mozprofile.XXdGZp72kgZB Child process initialized in 93.73 ms

Parent is shutting down, bye...
Reading profile /home/kekhuay/.config/firejail/firefox.profile
Reading profile /etc/firejail/disable-common.inc
Reading profile /etc/firejail/disable-devel.inc
Reading profile /etc/firejail/disable-programs.inc
Reading profile /etc/firejail/whitelist-common.inc
Reading profile /etc/firejail/whitelist-var-common.inc
Parent pid 20695, child pid 20696
Warning: cleaning all supplementary groups
Warning: /sbin directory link was not blacklisted
Warning: /usr/sbin directory link was not blacklisted
Warning: cleaning all supplementary groups
Blacklist violations are logged to syslog
Child process initialized in 71.79 ms

Parent is shutting down, bye...
1541246996442	mozrunner::runner	INFO	Running command: "/usr/local/bin/firefox" "-marionette" "-foreground" "-no-remote" "-profile" "/tmp/rust_mozprofile.LNhaGj05GNo3"
Reading profile /home/kekhuay/.config/firejail/firefox.profile
Reading profile /etc/firejail/disable-common.inc
Reading profile /etc/firejail/disable-devel.inc
Reading profile /etc/firejail/disable-programs.inc
Reading profile /etc/firejail/whitelist-common.inc
Reading profile /etc/firejail/whitelist-var-common.inc
Parent pid 20740, child pid 20741
Warning: cleaning all supplementary groups
Warning: /sbin directory link was not blacklisted
Warning: /usr/sbin directory link was not blacklisted
Warning: cleaning all supplementary groups
Blacklist violations are logged to syslog
]0;firejail /usr/bin/firefox -marionette -foreground -no-remote -profile /tmp/rust_mozprofile.LNhaGj05GNo3 Child process initialized in 75.02 ms

Parent is shutting down, bye...
Reading profile /home/kekhuay/.config/firejail/firefox.profile
Reading profile /etc/firejail/disable-common.inc
Reading profile /etc/firejail/disable-devel.inc
Reading profile /etc/firejail/disable-programs.inc
Reading profile /etc/firejail/whitelist-common.inc
Reading profile /etc/firejail/whitelist-var-common.inc
Parent pid 21099, child pid 21100
Warning: cleaning all supplementary groups
Warning: /sbin directory link was not blacklisted
Warning: /usr/sbin directory link was not blacklisted
Warning: cleaning all supplementary groups
Blacklist violations are logged to syslog
Child process initialized in 72.31 ms

Parent is shutting down, bye...
1541247055708	mozrunner::runner	INFO	Running command: "/usr/local/bin/firefox" "-marionette" "-foreground" "-no-remote" "-profile" "/tmp/rust_mozprofile.XDcCf1oQs2zE"
Reading profile /home/kekhuay/.config/firejail/firefox.profile
Reading profile /etc/firejail/disable-common.inc
Reading profile /etc/firejail/disable-devel.inc
Reading profile /etc/firejail/disable-programs.inc
Reading profile /etc/firejail/whitelist-common.inc
Reading profile /etc/firejail/whitelist-var-common.inc
Parent pid 21143, child pid 21144
Warning: cleaning all supplementary groups
Warning: /sbin directory link was not blacklisted
Warning: /usr/sbin directory link was not blacklisted
Warning: cleaning all supplementary groups
Blacklist violations are logged to syslog
]0;firejail /usr/bin/firefox -marionette -foreground -no-remote -profile /tmp/rust_mozprofile.XDcCf1oQs2zE Child process initialized in 80.07 ms

Parent is shutting down, bye...
